<?xml version="1.0" encoding="UTF-8"?>
<testng-results ignored="0" total="1" passed="1" failed="0" skipped="0">
  <reporter-output>
  </reporter-output>
  <suite started-at="2023-12-15T12:01:15 IST" name="Default suite" finished-at="2023-12-15T12:01:19 IST" duration-ms="4601">
    <groups>
      <group name="cucumber">
        <method signature="AbstractTestNGCucumberTests.runScenario(io.cucumber.testng.PickleWrapper,io.cucumber.testng.FeatureWrapper)[pri:0, instance:testrunners.loginpage@639c2c1d]" name="runScenario" class="io.cucumber.testng.AbstractTestNGCucumberTests"/>
      </group> <!-- cucumber -->
    </groups>
    <test started-at="2023-12-15T12:01:15 IST" name="Default test" finished-at="2023-12-15T12:01:19 IST" duration-ms="4601">
      <class name="testrunners.loginpage">
        <test-method is-config="true" signature="setUpClass(org.testng.ITestContext)[pri:0, instance:testrunners.loginpage@639c2c1d]" started-at="2023-12-15T12:01:15 IST" name="setUpClass" finished-at="2023-12-15T12:01:15 IST" duration-ms="452" status="PASS">
          <params>
            <param index="0">
              <value>
                <![CDATA[org.testng.TestRunner@6d025d1d]]>
              </value>
            </param>
          </params>
          <reporter-output>
          </reporter-output>
        </test-method> <!-- setUpClass -->
        <test-method signature="runScenario(io.cucumber.testng.PickleWrapper,io.cucumber.testng.FeatureWrapper)[pri:0, instance:testrunners.loginpage@639c2c1d]" started-at="2023-12-15T12:01:15 IST" name="runScenario" description="Runs Cucumber Scenarios" data-provider="scenarios" finished-at="2023-12-15T12:01:19 IST" duration-ms="4051" status="PASS">
          <params>
            <param index="0">
              <value>
                <![CDATA["check admin login with valid input"]]>
              </value>
            </param>
            <param index="1">
              <value>
                <![CDATA["Admin login"]]>
              </value>
            </param>
          </params>
          <reporter-output>
          </reporter-output>
        </test-method> <!-- runScenario -->
        <test-method is-config="true" signature="tearDownClass()[pri:0, instance:testrunners.loginpage@639c2c1d]" started-at="2023-12-15T12:01:19 IST" name="tearDownClass" finished-at="2023-12-15T12:01:19 IST" duration-ms="43" status="PASS">
          <reporter-output>
          </reporter-output>
        </test-method> <!-- tearDownClass -->
      </class> <!-- testrunners.loginpage -->
    </test> <!-- Default test -->
  </suite> <!-- Default suite -->
</testng-results>
